2022.05.21 12:30:06 INFO  tracing is disabled for protocol LSP, to enable tracing of incoming and outgoing JSON messages create an empty file at /Users/samwaters/dev/hands-on-scala/.metals/lsp.trace.json or /Users/samwaters/Library/Caches/org.scalameta.metals/lsp.trace.json[0m
2022.05.21 12:30:07 INFO  logging to file /Users/samwaters/dev/hands-on-scala/.metals/metals.log[0m
2022.05.21 12:30:07 INFO  Started: Metals version 0.11.5 in workspace '/Users/samwaters/dev/hands-on-scala' for client Visual Studio Code 1.67.2.[0m
2022.05.21 12:30:11 INFO  time: initialize in 3.96s[0m
2022.05.21 12:30:11 WARN  Flyway upgrade recommended: H2 2.1.212 is newer than this version of Flyway and support has not been tested. The latest supported version of H2 is 2.1.210.[0m
2022.05.21 12:30:11 WARN  Build server is not auto-connectable.[0m
2022.05.21 12:30:11 WARN  no build tool detected in workspace '/Users/samwaters/dev/hands-on-scala'. The most common cause for this problem is that the editor was opened in the wrong working directory, for example if you use sbt then the workspace directory should contain build.sbt. [0m
2022.05.21 12:30:14 WARN  no build target for: /Users/samwaters/dev/hands-on-scala/ch3/myScript.sc[0m
May 21, 2022 12:30:15 PM org.eclipse.lsp4j.jsonrpc.RemoteEndpoint handleCancellation
WARNING: Unmatched cancel notification for request id 2
May 21, 2022 12:30:15 PM org.eclipse.lsp4j.jsonrpc.RemoteEndpoint handleCancellation
WARNING: Unmatched cancel notification for request id 3
May 21, 2022 12:30:15 PM org.eclipse.lsp4j.jsonrpc.RemoteEndpoint handleCancellation
WARNING: Unmatched cancel notification for request id 1
May 21, 2022 12:30:15 PM org.eclipse.lsp4j.jsonrpc.RemoteEndpoint handleCancellation
WARNING: Unmatched cancel notification for request id 6
May 21, 2022 12:30:15 PM org.eclipse.lsp4j.jsonrpc.RemoteEndpoint handleCancellation
WARNING: Unmatched cancel notification for request id 5
May 21, 2022 12:30:15 PM org.eclipse.lsp4j.jsonrpc.RemoteEndpoint handleCancellation
WARNING: Unmatched cancel notification for request id 8
May 21, 2022 12:30:15 PM org.eclipse.lsp4j.jsonrpc.RemoteEndpoint handleCancellation
WARNING: Unmatched cancel notification for request id 10
May 21, 2022 12:30:15 PM org.eclipse.lsp4j.jsonrpc.RemoteEndpoint handleCancellation
WARNING: Unmatched cancel notification for request id 9
2022.05.21 12:30:21 INFO  no build target found for /Users/samwaters/dev/hands-on-scala/ch3/myScript.sc. Using presentation compiler with project's scala-library version: 3.1.2[0m
May 21, 2022 12:30:21 PM org.eclipse.lsp4j.jsonrpc.RemoteEndpoint handleCancellation
WARNING: Unmatched cancel notification for request id 14
May 21, 2022 12:30:21 PM org.eclipse.lsp4j.jsonrpc.RemoteEndpoint handleCancellation
WARNING: Unmatched cancel notification for request id 23
May 21, 2022 12:30:21 PM org.eclipse.lsp4j.jsonrpc.RemoteEndpoint handleCancellation
WARNING: Unmatched cancel notification for request id 28
May 21, 2022 12:30:21 PM org.eclipse.lsp4j.jsonrpc.RemoteEndpoint handleCancellation
WARNING: Unmatched cancel notification for request id 27
May 21, 2022 12:30:21 PM org.eclipse.lsp4j.jsonrpc.RemoteEndpoint handleCancellation
WARNING: Unmatched cancel notification for request id 35
May 21, 2022 12:30:21 PM org.eclipse.lsp4j.jsonrpc.RemoteEndpoint handleCancellation
WARNING: Unmatched cancel notification for request id 34
May 21, 2022 12:30:22 PM org.eclipse.lsp4j.jsonrpc.RemoteEndpoint handleCancellation
WARNING: Unmatched cancel notification for request id 40
May 21, 2022 12:30:22 PM org.eclipse.lsp4j.jsonrpc.RemoteEndpoint handleCancellation
WARNING: Unmatched cancel notification for request id 39
May 21, 2022 12:30:22 PM org.eclipse.lsp4j.jsonrpc.RemoteEndpoint handleCancellation
WARNING: Unmatched cancel notification for request id 37
May 21, 2022 12:30:22 PM org.eclipse.lsp4j.jsonrpc.RemoteEndpoint handleCancellation
WARNING: Unmatched cancel notification for request id 44
May 21, 2022 12:30:22 PM org.eclipse.lsp4j.jsonrpc.RemoteEndpoint handleCancellation
WARNING: Unmatched cancel notification for request id 47
May 21, 2022 12:30:22 PM org.eclipse.lsp4j.jsonrpc.RemoteEndpoint handleCancellation
WARNING: Unmatched cancel notification for request id 43
May 21, 2022 12:30:22 PM org.eclipse.lsp4j.jsonrpc.RemoteEndpoint handleCancellation
WARNING: Unmatched cancel notification for request id 51
May 21, 2022 12:30:22 PM org.eclipse.lsp4j.jsonrpc.RemoteEndpoint handleCancellation
WARNING: Unmatched cancel notification for request id 49
May 21, 2022 12:30:22 PM org.eclipse.lsp4j.jsonrpc.RemoteEndpoint handleCancellation
WARNING: Unmatched cancel notification for request id 54
2022.05.21 12:30:25 INFO  time: code lens generation in 1.8s[0m
2022.05.21 12:30:25 INFO  time: code lens generation in 3.02s[0m
2022.05.21 12:30:25 INFO  time: code lens generation in 3.29s[0m
2022.05.21 12:30:25 INFO  time: code lens generation in 3.24s[0m
2022.05.21 12:30:25 INFO  time: code lens generation in 10s[0m
2022.05.21 12:30:25 INFO  time: code lens generation in 3.33s[0m
2022.05.21 12:30:25 INFO  time: code lens generation in 9.98s[0m
2022.05.21 12:30:25 INFO  time: code lens generation in 3.12s[0m
2022.05.21 12:30:25 INFO  time: code lens generation in 9.96s[0m
2022.05.21 12:30:25 INFO  time: code lens generation in 3.23s[0m
2022.05.21 12:30:25 INFO  time: code lens generation in 3.17s[0m
2022.05.21 12:30:25 INFO  time: code lens generation in 3.15s[0m
2022.05.21 12:30:35 WARN  no build target for: /Users/samwaters/dev/hands-on-scala/ch3/myScript.sc[0m
2022.05.21 12:30:37 WARN  no build target for: /Users/samwaters/dev/hands-on-scala/ch3/myScript.sc[0m
2022.05.21 12:31:14 WARN  no build target for: /Users/samwaters/dev/hands-on-scala/ch3/myScript.sc[0m
2022.05.21 12:32:20 WARN  no build target for: /Users/samwaters/dev/hands-on-scala/ch3/myScript.sc[0m
2022.05.21 12:38:48 WARN  no build target for: /Users/samwaters/dev/hands-on-scala/ch3/example-3/build.sc[0m
java.lang.NullPointerException: Cannot invoke "org.eclipse.lsp4j.MessageActionItem.getTitle()" because "resp" is null
	at scala.meta.internal.metals.ammonite.Ammonite.$anonfun$maybeImport$3(Ammonite.scala:240)
	at scala.meta.internal.metals.ammonite.Ammonite.$anonfun$maybeImport$3$adapted(Ammonite.scala:237)
	at scala.concurrent.impl.Promise$Transformation.run(Promise.scala:484)
	at java.base/java.util.concurrent.ThreadPoolExecutor.runWorker(ThreadPoolExecutor.java:1136)
	at java.base/java.util.concurrent.ThreadPoolExecutor$Worker.run(ThreadPoolExecutor.java:635)
	at java.base/java.lang.Thread.run(Thread.java:833)
2022.05.21 12:39:20 WARN  no build target for: /Users/samwaters/dev/hands-on-scala/ch3/example-3/build.sc[0m
May 21, 2022 12:40:14 PM org.eclipse.lsp4j.jsonrpc.RemoteEndpoint handleCancellation
WARNING: Unmatched cancel notification for request id 129
May 21, 2022 12:40:37 PM org.eclipse.lsp4j.jsonrpc.RemoteEndpoint handleCancellation
WARNING: Unmatched cancel notification for request id 133
2022.05.21 12:41:38 WARN  no build target for: /Users/samwaters/dev/hands-on-scala/ch3/example-3/foo/src/Example.scala[0m
2022.05.21 12:42:22 WARN  no build target for: /Users/samwaters/dev/hands-on-scala/ch3/example-3/foo/test/src/ExampleTests.scala[0m
2022.05.21 12:47:39 WARN  no build target for: /Users/samwaters/dev/hands-on-scala/ch3/example-3/foo/test/src/ExampleTests.scala[0m
2022.05.21 12:48:18 WARN  no build target for: /Users/samwaters/dev/hands-on-scala/ch3/example-3/foo/src/Example.scala[0m
May 21, 2022 12:48:21 PM org.eclipse.lsp4j.jsonrpc.RemoteEndpoint handleCancellation
WARNING: Unmatched cancel notification for request id 211
2022.05.21 12:48:28 WARN  no build target for: /Users/samwaters/dev/hands-on-scala/ch3/example-3/foo/src/Example.scala[0m
2022.05.21 12:48:34 WARN  no build target for: /Users/samwaters/dev/hands-on-scala/ch3/example-3/foo/src/Example.scala[0m
May 21, 2022 12:48:40 PM org.eclipse.lsp4j.jsonrpc.RemoteEndpoint handleCancellation
WARNING: Unmatched cancel notification for request id 283
May 21, 2022 12:48:58 PM org.eclipse.lsp4j.jsonrpc.RemoteEndpoint handleCancellation
WARNING: Unmatched cancel notification for request id 354
2022.05.21 12:49:02 WARN  no build target for: /Users/samwaters/dev/hands-on-scala/ch3/example-3/foo/test/src/ExampleTests.scala[0m
2022.05.21 12:49:06 WARN  no build target for: /Users/samwaters/dev/hands-on-scala/ch3/example-3/foo/test/src/ExampleTests.scala[0m
2022.05.21 12:49:33 WARN  no build target for: /Users/samwaters/dev/hands-on-scala/ch3/example-3/foo/test/src/ExampleTests.scala[0m
2022.05.21 12:57:36 WARN  no build tool detected in workspace '/Users/samwaters/dev/hands-on-scala'. The most common cause for this problem is that the editor was opened in the wrong working directory, for example if you use sbt then the workspace directory should contain build.sbt. [0m
2022.05.21 12:57:40 WARN  no build tool detected in workspace '/Users/samwaters/dev/hands-on-scala'. The most common cause for this problem is that the editor was opened in the wrong working directory, for example if you use sbt then the workspace directory should contain build.sbt. [0m
